TN:
SF:app.js
FNF:0
FNH:0
DA:1,3
DA:2,3
DA:5,3
DA:6,3
DA:7,3
DA:9,3
DA:11,3
DA:12,3
DA:14,3
DA:15,3
DA:17,3
LF:11
LH:11
BRDA:1,0,0,3
BRDA:1,0,1,0
BRDA:1,1,0,3
BRDA:1,1,1,3
BRF:4
BRH:3
end_of_record
TN:
SF:controllers/accountController.js
FN:5,(anonymous_0)
FN:17,(anonymous_1)
FN:20,(anonymous_2)
FNF:3
FNH:2
FNDA:1,(anonymous_0)
FNDA:1,(anonymous_1)
FNDA:0,(anonymous_2)
DA:1,3
DA:7,1
DA:9,1
DA:18,1
DA:21,0
DA:22,0
DA:23,0
DA:28,3
LF:8
LH:5
BRF:0
BRH:0
end_of_record
TN:
SF:controllers/clientController.js
FN:7,(anonymous_0)
FN:14,(anonymous_1)
FN:19,(anonymous_2)
FN:23,(anonymous_3)
FN:29,(anonymous_4)
FN:39,(anonymous_5)
FN:53,(anonymous_6)
FN:58,(anonymous_7)
FNF:8
FNH:8
FNDA:4,(anonymous_0)
FNDA:1,(anonymous_1)
FNDA:1,(anonymous_2)
FNDA:3,(anonymous_3)
FNDA:4,(anonymous_4)
FNDA:4,(anonymous_5)
FNDA:1,(anonymous_6)
FNDA:3,(anonymous_7)
DA:1,3
DA:2,3
DA:3,3
DA:9,4
DA:10,4
DA:11,4
DA:13,4
DA:15,1
DA:16,1
DA:17,1
DA:20,1
DA:21,1
DA:24,3
DA:25,3
DA:31,4
DA:32,4
DA:34,4
DA:40,4
DA:41,2
DA:42,2
DA:43,2
DA:44,1
DA:45,1
DA:46,1
DA:47,1
DA:54,1
DA:55,1
DA:56,1
DA:59,3
DA:60,3
DA:65,3
LF:31
LH:31
BRDA:40,0,0,2
BRDA:40,0,1,2
BRDA:43,1,0,1
BRDA:43,1,1,1
BRF:4
BRH:4
end_of_record
TN:
SF:controllers/transactionController.js
FN:5,(anonymous_0)
FN:15,(anonymous_1)
FN:25,(anonymous_2)
FN:34,(anonymous_3)
FN:40,(anonymous_4)
FN:46,(anonymous_5)
FN:56,(anonymous_6)
FN:70,(anonymous_7)
FN:80,(anonymous_8)
FN:86,(anonymous_9)
FN:92,(anonymous_10)
FN:102,(anonymous_11)
FN:105,(anonymous_12)
FNF:13
FNH:12
FNDA:2,(anonymous_0)
FNDA:2,(anonymous_1)
FNDA:2,(anonymous_2)
FNDA:1,(anonymous_3)
FNDA:1,(anonymous_4)
FNDA:2,(anonymous_5)
FNDA:2,(anonymous_6)
FNDA:2,(anonymous_7)
FNDA:1,(anonymous_8)
FNDA:1,(anonymous_9)
FNDA:1,(anonymous_10)
FNDA:1,(anonymous_11)
FNDA:0,(anonymous_12)
DA:1,3
DA:6,2
DA:7,2
DA:8,2
DA:10,2
DA:16,2
DA:18,2
DA:26,2
DA:35,1
DA:41,1
DA:42,1
DA:47,2
DA:48,2
DA:49,2
DA:51,2
DA:57,2
DA:58,0
DA:61,2
DA:63,2
DA:72,2
DA:81,1
DA:87,1
DA:88,1
DA:94,1
DA:95,1
DA:96,1
DA:103,1
DA:106,0
DA:107,0
DA:112,3
LF:30
LH:27
BRDA:57,0,0,0
BRDA:57,0,1,2
BRF:2
BRH:1
end_of_record
TN:
SF:helpers/bcrypt.js
FN:3,hashPass
FN:8,comparePassword
FNF:2
FNH:2
FNDA:4,hashPass
FNDA:2,comparePassword
DA:1,3
DA:4,4
DA:5,4
DA:9,2
DA:12,3
LF:5
LH:5
BRF:0
BRH:0
end_of_record
TN:
SF:helpers/jwt.js
FN:3,generateToken
FN:7,verify
FNF:2
FNH:2
FNDA:3,generateToken
FNDA:10,verify
DA:1,3
DA:4,3
DA:8,10
DA:11,3
LF:4
LH:4
BRF:0
BRH:0
end_of_record
TN:
SF:middlewares/authenticate.js
FN:3,authenticate
FNF:1
FNH:1
FNDA:10,authenticate
DA:1,3
DA:4,10
DA:5,10
DA:6,10
DA:8,6
DA:9,6
DA:11,6
DA:13,4
DA:17,3
LF:9
LH:9
BRF:0
BRH:0
end_of_record
TN:
SF:middlewares/authorize.js
FN:3,authorize
FN:11,(anonymous_1)
FN:22,(anonymous_2)
FNF:3
FNH:2
FNDA:5,authorize
FNDA:5,(anonymous_1)
FNDA:0,(anonymous_2)
DA:1,3
DA:5,5
DA:6,5
DA:12,5
DA:13,5
DA:15,0
DA:23,0
DA:24,0
DA:27,0
DA:31,3
LF:10
LH:6
BRDA:12,0,0,5
BRDA:12,0,1,0
BRF:2
BRH:1
end_of_record
TN:
SF:middlewares/errorHandler.js
FN:1,errorHandler
FN:8,(anonymous_1)
FNF:2
FNH:2
FNDA:12,errorHandler
FNDA:6,(anonymous_1)
DA:3,12
DA:5,12
DA:6,1
DA:7,11
DA:8,6
DA:9,4
DA:10,7
DA:11,3
DA:12,4
DA:13,4
DA:15,0
DA:20,3
LF:12
LH:11
BRDA:5,0,0,1
BRDA:5,0,1,11
BRDA:7,1,0,4
BRDA:7,1,1,7
BRDA:10,2,0,3
BRDA:10,2,1,4
BRDA:12,3,0,4
BRDA:12,3,1,0
BRF:8
BRH:7
end_of_record
TN:
SF:models/account.js
FN:5,(anonymous_0)
FN:12,(anonymous_1)
FNF:2
FNH:2
FNDA:3,(anonymous_0)
FNDA:3,(anonymous_1)
DA:4,3
DA:5,3
DA:14,3
DA:15,3
DA:18,3
DA:35,3
LF:6
LH:6
BRF:0
BRH:0
end_of_record
TN:
SF:models/client.js
FN:6,(anonymous_0)
FN:13,(anonymous_1)
FN:38,(anonymous_2)
FNF:3
FNH:3
FNDA:3,(anonymous_0)
FNDA:3,(anonymous_1)
FNDA:4,(anonymous_2)
DA:4,3
DA:5,3
DA:6,3
DA:15,3
DA:16,3
DA:19,3
DA:39,4
DA:43,3
LF:8
LH:8
BRF:0
BRH:0
end_of_record
TN:
SF:models/index.js
FN:20,(anonymous_0)
FN:23,(anonymous_1)
FN:28,(anonymous_2)
FNF:3
FNH:3
FNDA:12,(anonymous_0)
FNDA:9,(anonymous_1)
FNDA:9,(anonymous_2)
DA:3,3
DA:4,3
DA:5,3
DA:6,3
DA:7,3
DA:8,3
DA:9,3
DA:12,3
DA:13,0
DA:15,3
DA:18,3
DA:21,12
DA:24,9
DA:25,9
DA:28,3
DA:29,9
DA:30,9
DA:34,3
DA:35,3
DA:37,3
LF:20
LH:19
BRDA:7,0,0,3
BRDA:7,0,1,0
BRDA:12,1,0,0
BRDA:12,1,1,3
BRDA:21,2,0,12
BRDA:21,2,1,12
BRDA:21,2,2,9
BRDA:29,3,0,9
BRDA:29,3,1,0
BRF:9
BRH:6
end_of_record
TN:
SF:models/transaction.js
FN:5,(anonymous_0)
FN:12,(anonymous_1)
FNF:2
FNH:2
FNDA:3,(anonymous_0)
FNDA:3,(anonymous_1)
DA:4,3
DA:5,3
DA:16,3
DA:51,3
LF:4
LH:4
BRF:0
BRH:0
end_of_record
TN:
SF:routes/index.js
FNF:0
FNH:0
DA:1,3
DA:2,3
DA:3,3
DA:4,3
DA:5,3
DA:6,3
DA:8,3
DA:9,3
DA:10,3
DA:11,3
DA:12,3
DA:13,3
DA:14,3
DA:15,3
DA:17,3
LF:15
LH:15
BRF:0
BRH:0
end_of_record
